CRITICAL - 2022-04-18 06:25:14 --> Invalid file: home.php
#0 C:\xampp\htdocs\church\system\View\View.php(198): CodeIgniter\Exceptions\FrameworkException::forInvalidFile('home.php')
#1 C:\xampp\htdocs\church\system\Common.php(1089): CodeIgniter\View\View->render('home', Array, true)
#2 C:\xampp\htdocs\church\app\Controllers\Home.php(10): view('home')
#3 C:\xampp\htdocs\church\system\CodeIgniter.php(832): App\Controllers\Home->index()
#4 C:\xampp\htdocs\church\system\CodeIgniter.php(419): CodeIgniter\CodeIgniter->runController(Object(App\Controllers\Home))
#5 C:\xampp\htdocs\church\system\CodeIgniter.php(326): CodeIgniter\CodeIgniter->handleRequest(NULL, Object(Config\Cache), false)
#6 C:\xampp\htdocs\church\public\index.php(37): CodeIgniter\CodeIgniter->run()
#7 {main}
CRITICAL - 2022-04-18 06:25:15 --> Invalid file: home.php
#0 C:\xampp\htdocs\church\system\View\View.php(198): CodeIgniter\Exceptions\FrameworkException::forInvalidFile('home.php')
#1 C:\xampp\htdocs\church\system\Common.php(1089): CodeIgniter\View\View->render('home', Array, true)
#2 C:\xampp\htdocs\church\app\Controllers\Home.php(10): view('home')
#3 C:\xampp\htdocs\church\system\CodeIgniter.php(832): App\Controllers\Home->index()
#4 C:\xampp\htdocs\church\system\CodeIgniter.php(419): CodeIgniter\CodeIgniter->runController(Object(App\Controllers\Home))
#5 C:\xampp\htdocs\church\system\CodeIgniter.php(326): CodeIgniter\CodeIgniter->handleRequest(NULL, Object(Config\Cache), false)
#6 C:\xampp\htdocs\church\public\index.php(37): CodeIgniter\CodeIgniter->run()
#7 {main}
CRITICAL - 2022-04-18 06:25:32 --> Invalid file: home.php
#0 C:\xampp\htdocs\church\system\View\View.php(198): CodeIgniter\Exceptions\FrameworkException::forInvalidFile('home.php')
#1 C:\xampp\htdocs\church\system\Common.php(1089): CodeIgniter\View\View->render('home', Array, true)
#2 C:\xampp\htdocs\church\app\Controllers\Home.php(10): view('home')
#3 C:\xampp\htdocs\church\system\CodeIgniter.php(832): App\Controllers\Home->index()
#4 C:\xampp\htdocs\church\system\CodeIgniter.php(419): CodeIgniter\CodeIgniter->runController(Object(App\Controllers\Home))
#5 C:\xampp\htdocs\church\system\CodeIgniter.php(326): CodeIgniter\CodeIgniter->handleRequest(NULL, Object(Config\Cache), false)
#6 C:\xampp\htdocs\church\public\index.php(37): CodeIgniter\CodeIgniter->run()
#7 {main}
CRITICAL - 2022-04-18 06:25:47 --> Invalid file: home.php
#0 C:\xampp\htdocs\church\system\View\View.php(198): CodeIgniter\Exceptions\FrameworkException::forInvalidFile('home.php')
#1 C:\xampp\htdocs\church\system\Common.php(1089): CodeIgniter\View\View->render('home', Array, true)
#2 C:\xampp\htdocs\church\app\Controllers\Home.php(10): view('home')
#3 C:\xampp\htdocs\church\system\CodeIgniter.php(832): App\Controllers\Home->index()
#4 C:\xampp\htdocs\church\system\CodeIgniter.php(419): CodeIgniter\CodeIgniter->runController(Object(App\Controllers\Home))
#5 C:\xampp\htdocs\church\system\CodeIgniter.php(326): CodeIgniter\CodeIgniter->handleRequest(NULL, Object(Config\Cache), false)
#6 C:\xampp\htdocs\church\public\index.php(37): CodeIgniter\CodeIgniter->run()
#7 {main}
CRITICAL - 2022-04-18 06:40:30 --> include_once(includes/header.php): Failed to open stream: No such file or directory
#0 C:\xampp\htdocs\church\app\Views\dashboard.php(1): CodeIgniter\Debug\Exceptions->errorHandler(2, 'include_once(in...', 'C:\\xampp\\htdocs...', 1)
#1 C:\xampp\htdocs\church\app\Views\dashboard.php(1): include_once()
#2 C:\xampp\htdocs\church\system\View\View.php(210): include('C:\\xampp\\htdocs...')
#3 C:\xampp\htdocs\church\system\View\View.php(213): CodeIgniter\View\View->CodeIgniter\View\{closure}()
#4 C:\xampp\htdocs\church\system\Common.php(1089): CodeIgniter\View\View->render('dashboard', Array, true)
#5 C:\xampp\htdocs\church\app\Controllers\Home.php(14): view('dashboard')
#6 C:\xampp\htdocs\church\system\CodeIgniter.php(832): App\Controllers\Home->home()
#7 C:\xampp\htdocs\church\system\CodeIgniter.php(419): CodeIgniter\CodeIgniter->runController(Object(App\Controllers\Home))
#8 C:\xampp\htdocs\church\system\CodeIgniter.php(326): CodeIgniter\CodeIgniter->handleRequest(NULL, Object(Config\Cache), false)
#9 C:\xampp\htdocs\church\public\index.php(37): CodeIgniter\CodeIgniter->run()
#10 {main}
